<?xml version="1.0" encoding="UTF-8" ?>
<testsuite failures="0" time="19.14" errors="0" skipped="0" tests="1" name="org.wiperdog.jobmanager.test.InterruptJobTest">
  <properties>
    <property name="java.runtime.name" value="Java(TM) SE Runtime Environment"/>
    <property name="org.quartz.scheduler.skipUpdateCheck" value="true"/>
    <property name="java.protocol.handler.pkgs" value="org.ops4j.pax.url"/>
    <property name="sun.boot.library.path" value="E:\jdk1.6.0_45\jre\bin"/>
    <property name="java.vm.version" value="20.45-b01"/>
    <property name="java.vm.vendor" value="Sun Microsystems Inc."/>
    <property name="felix.log.level" value="4"/>
    <property name="java.vendor.url" value="http://java.sun.com/"/>
    <property name="path.separator" value=";"/>
    <property name="java.vm.name" value="Java HotSpot(TM) Client VM"/>
    <property name="file.encoding.pkg" value="sun.io"/>
    <property name="user.country" value="US"/>
    <property name="sun.java.launcher" value="SUN_STANDARD"/>
    <property name="sun.os.patch.level" value="Service Pack 3"/>
    <property name="java.vm.specification.name" value="Java Virtual Machine Specification"/>
    <property name="user.dir" value="E:\projects\Wiperdog\jobman_new\20140509\JobManAndPaxTest_20140509\pax-exam-test-jobmanager"/>
    <property name="org.quartz.threadPool.threadCount" value="20"/>
    <property name="java.runtime.version" value="1.6.0_45-b06"/>
    <property name="java.awt.graphicsenv" value="sun.awt.Win32GraphicsEnvironment"/>
    <property name="basedir" value="E:\projects\Wiperdog\jobman_new\20140509\JobManAndPaxTest_20140509\pax-exam-test-jobmanager"/>
    <property name="java.endorsed.dirs" value="E:\jdk1.6.0_45\jre\lib\endorsed"/>
    <property name="os.arch" value="x86"/>
    <property name="surefire.real.class.path" value="E:\projects\Wiperdog\jobman_new\20140509\JobManAndPaxTest_20140509\pax-exam-test-jobmanager\target\surefire\surefirebooter5901987680919841460.jar"/>
    <property name="java.io.tmpdir" value="C:\DOCUME~1\NGUYEN~1\LOCALS~1\Temp\"/>
    <property name="line.separator" value="
"/>
    <property name="java.vm.specification.vendor" value="Sun Microsystems Inc."/>
    <property name="org.quartz.threadPool.threadsInheritContextClassLoaderOfInitializingThread" value="true"/>
    <property name="user.variant" value=""/>
    <property name="os.name" value="Windows XP"/>
    <property name="sun.jnu.encoding" value="Cp1252"/>
    <property name="java.library.path" value="E:\jdk1.6.0_45\jre\bin;C:\WINDOWS\Sun\Java\bin;C:\WINDOWS\system32;C:\WINDOWS;E:/jdk1.6.0_45/bin/../jre/bin/client;E:/jdk1.6.0_45/bin/../jre/bin;E:/jdk1.6.0_45/bin/../jre/lib/i386;C:\Program Files\CollabNet\Subversion Client;C:\Program Files\Common Files\NetSarang;C:\Program Files\Windows Resource Kits\Tools\;d:\oracledb\product\11.2.0\dbhome_1\bin;C:\WINDOWS\system32;C:\WINDOWS;C:\WINDOWS\System32\Wbem;C:\Program Files\TortoiseSVN\bin;E:\apache-ant-1.9.3\bin;C:\WINDOWS\system32\WindowsPowerShell\v1.0;C:\Program Files\Microsoft SQL Server\80\Tools\Binn\;C:\Program Files\VanDyke Software\Clients\;C:\Program Files\MySQL\MySQL Server 5.5\bin;E:\apache-maven-3.2.1-bin\bin;C:\Program Files\Git\cmd;C:\Program Files\Git\bin;C:\Program Files\EmEditor;E:\jdk1.6.0_45\bin;C:\Program Files\QuickTime\QTSystem\;C:\Program Files\CollabNet\Subversion Client;;D:\Projects\pro-insighttech-odc\references\Environment\eclipse;;."/>
    <property name="surefire.test.class.path" value="E:\projects\Wiperdog\jobman_new\20140509\JobManAndPaxTest_20140509\pax-exam-test-jobmanager\target\test-classes;E:\projects\Wiperdog\jobman_new\20140509\JobManAndPaxTest_20140509\pax-exam-test-jobmanager\target\classes;C:\Documents and Settings\nguyenvannghia\.m2\repository\org\ops4j\pax\exam\pax-exam\3.4.0\pax-exam-3.4.0.jar;C:\Documents and Settings\nguyenvannghia\.m2\repository\org\ops4j\base\ops4j-base-lang\1.4.0\ops4j-base-lang-1.4.0.jar;C:\Documents and Settings\nguyenvannghia\.m2\repository\org\ops4j\base\ops4j-base-store\1.4.0\ops4j-base-store-1.4.0.jar;C:\Documents and Settings\nguyenvannghia\.m2\repository\org\ops4j\base\ops4j-base-io\1.4.0\ops4j-base-io-1.4.0.jar;C:\Documents and Settings\nguyenvannghia\.m2\repository\org\ops4j\base\ops4j-base-util-property\1.4.0\ops4j-base-util-property-1.4.0.jar;C:\Documents and Settings\nguyenvannghia\.m2\repository\org\ops4j\pax\exam\pax-exam-container-native\3.4.0\pax-exam-container-native-3.4.0.jar;C:\Documents and Settings\nguyenvannghia\.m2\repository\org\ops4j\pax\swissbox\pax-swissbox-core\1.7.0\pax-swissbox-core-1.7.0.jar;C:\Documents and Settings\nguyenvannghia\.m2\repository\org\ops4j\pax\swissbox\pax-swissbox-lifecycle\1.7.0\pax-swissbox-lifecycle-1.7.0.jar;C:\Documents and Settings\nguyenvannghia\.m2\repository\org\ops4j\pax\swissbox\pax-swissbox-tracker\1.7.0\pax-swissbox-tracker-1.7.0.jar;C:\Documents and Settings\nguyenvannghia\.m2\repository\org\ops4j\base\ops4j-base-net\1.4.0\ops4j-base-net-1.4.0.jar;C:\Documents and Settings\nguyenvannghia\.m2\repository\org\ops4j\base\ops4j-base-monitors\1.4.0\ops4j-base-monitors-1.4.0.jar;C:\Documents and Settings\nguyenvannghia\.m2\repository\org\ops4j\pax\url\pax-url-link\1.6.0\pax-url-link-1.6.0.jar;C:\Documents and Settings\nguyenvannghia\.m2\repository\org\ops4j\pax\url\pax-url-classpath\1.6.0\pax-url-classpath-1.6.0.jar;C:\Documents and Settings\nguyenvannghia\.m2\repository\org\ops4j\pax\swissbox\pax-swissbox-optional-jcl\1.7.0\pax-swissbox-optional-jcl-1.7.0.jar;C:\Documents and Settings\nguyenvannghia\.m2\repository\org\ops4j\pax\exam\pax-exam-junit4\3.4.0\pax-exam-junit4-3.4.0.jar;C:\Documents and Settings\nguyenvannghia\.m2\repository\junit\junit\4.11\junit-4.11.jar;C:\Documents and Settings\nguyenvannghia\.m2\repository\org\hamcrest\hamcrest-core\1.3\hamcrest-core-1.3.jar;C:\Documents and Settings\nguyenvannghia\.m2\repository\org\ops4j\pax\exam\pax-exam-spi\3.4.0\pax-exam-spi-3.4.0.jar;C:\Documents and Settings\nguyenvannghia\.m2\repository\org\ops4j\base\ops4j-base-spi\1.4.0\ops4j-base-spi-1.4.0.jar;C:\Documents and Settings\nguyenvannghia\.m2\repository\com\google\guava\guava\12.0\guava-12.0.jar;C:\Documents and Settings\nguyenvannghia\.m2\repository\com\google\code\findbugs\jsr305\1.3.9\jsr305-1.3.9.jar;C:\Documents and Settings\nguyenvannghia\.m2\repository\org\ops4j\pax\tinybundles\tinybundles\2.0.0\tinybundles-2.0.0.jar;C:\Documents and Settings\nguyenvannghia\.m2\repository\biz\aQute\bnd\bndlib\2.1.0\bndlib-2.1.0.jar;C:\Documents and Settings\nguyenvannghia\.m2\repository\org\osgi\org.osgi.core\4.2.0\org.osgi.core-4.2.0.jar;C:\Documents and Settings\nguyenvannghia\.m2\repository\org\ops4j\pax\exam\pax-exam-link-mvn\3.4.0\pax-exam-link-mvn-3.4.0.jar;C:\Documents and Settings\nguyenvannghia\.m2\repository\org\ops4j\pax\url\pax-url-aether\1.6.0\pax-url-aether-1.6.0.jar;C:\Documents and Settings\nguyenvannghia\.m2\repository\org\ops4j\pax\url\pax-url-commons\1.6.0\pax-url-commons-1.6.0.jar;C:\Documents and Settings\nguyenvannghia\.m2\repository\org\ops4j\pax\swissbox\pax-swissbox-property\1.7.0\pax-swissbox-property-1.7.0.jar;C:\Documents and Settings\nguyenvannghia\.m2\repository\org\ops4j\pax\url\pax-url-maven-commons\1.6.0\pax-url-maven-commons-1.6.0.jar;C:\Documents and Settings\nguyenvannghia\.m2\repository\org\ops4j\base\ops4j-base-util-xml\1.4.0\ops4j-base-util-xml-1.4.0.jar;C:\Documents and Settings\nguyenvannghia\.m2\repository\org\ops4j\base\ops4j-base-util-collections\1.4.0\ops4j-base-util-collections-1.4.0.jar;C:\Documents and Settings\nguyenvannghia\.m2\repository\org\sonatype\aether\aether-api\1.13.1\aether-api-1.13.1.jar;C:\Documents and Settings\nguyenvannghia\.m2\repository\org\sonatype\aether\aether-spi\1.13.1\aether-spi-1.13.1.jar;C:\Documents and Settings\nguyenvannghia\.m2\repository\org\sonatype\aether\aether-util\1.13.1\aether-util-1.13.1.jar;C:\Documents and Settings\nguyenvannghia\.m2\repository\org\sonatype\aether\aether-impl\1.13.1\aether-impl-1.13.1.jar;C:\Documents and Settings\nguyenvannghia\.m2\repository\org\sonatype\aether\aether-connector-wagon\1.13.1\aether-connector-wagon-1.13.1.jar;C:\Documents and Settings\nguyenvannghia\.m2\repository\org\codehaus\plexus\plexus-classworlds\2.4\plexus-classworlds-2.4.jar;C:\Documents and Settings\nguyenvannghia\.m2\repository\org\sonatype\sisu\sisu-inject-plexus\2.2.3\sisu-inject-plexus-2.2.3.jar;C:\Documents and Settings\nguyenvannghia\.m2\repository\org\sonatype\sisu\sisu-inject-bean\2.2.3\sisu-inject-bean-2.2.3.jar;C:\Documents and Settings\nguyenvannghia\.m2\repository\org\sonatype\sisu\sisu-guice\3.0.3\sisu-guice-3.0.3-no_aop.jar;C:\Documents and Settings\nguyenvannghia\.m2\repository\org\apache\maven\maven-aether-provider\3.0.4\maven-aether-provider-3.0.4.jar;C:\Documents and Settings\nguyenvannghia\.m2\repository\org\apache\maven\maven-model\3.0.4\maven-model-3.0.4.jar;C:\Documents and Settings\nguyenvannghia\.m2\repository\org\apache\maven\maven-model-builder\3.0.4\maven-model-builder-3.0.4.jar;C:\Documents and Settings\nguyenvannghia\.m2\repository\org\codehaus\plexus\plexus-interpolation\1.14\plexus-interpolation-1.14.jar;C:\Documents and Settings\nguyenvannghia\.m2\repository\org\apache\maven\maven-repository-metadata\3.0.4\maven-repository-metadata-3.0.4.jar;C:\Documents and Settings\nguyenvannghia\.m2\repository\org\codehaus\plexus\plexus-component-annotations\1.5.5\plexus-component-annotations-1.5.5.jar;C:\Documents and Settings\nguyenvannghia\.m2\repository\org\apache\maven\wagon\wagon-provider-api\1.0\wagon-provider-api-1.0.jar;C:\Documents and Settings\nguyenvannghia\.m2\repository\org\apache\maven\wagon\wagon-file\1.0\wagon-file-1.0.jar;C:\Documents and Settings\nguyenvannghia\.m2\repository\org\apache\maven\wagon\wagon-http-lightweight\1.0\wagon-http-lightweight-1.0.jar;C:\Documents and Settings\nguyenvannghia\.m2\repository\org\apache\maven\wagon\wagon-http-shared\1.0\wagon-http-shared-1.0.jar;C:\Documents and Settings\nguyenvannghia\.m2\repository\commons-io\commons-io\2.0.1\commons-io-2.0.1.jar;C:\Documents and Settings\nguyenvannghia\.m2\repository\org\jsoup\jsoup\1.6.1\jsoup-1.6.1.jar;C:\Documents and Settings\nguyenvannghia\.m2\repository\org\codehaus\plexus\plexus-container-default\1.5.5\plexus-container-default-1.5.5.jar;C:\Documents and Settings\nguyenvannghia\.m2\repository\org\apache\xbean\xbean-reflect\3.4\xbean-reflect-3.4.jar;C:\Documents and Settings\nguyenvannghia\.m2\repository\com\google\collections\google-collections\1.0\google-collections-1.0.jar;C:\Documents and Settings\nguyenvannghia\.m2\repository\org\codehaus\plexus\plexus-utils\3.0\plexus-utils-3.0.jar;C:\Documents and Settings\nguyenvannghia\.m2\repository\commons-httpclient\commons-httpclient\3.1\commons-httpclient-3.1.jar;C:\Documents and Settings\nguyenvannghia\.m2\repository\commons-logging\commons-logging\1.0.4\commons-logging-1.0.4.jar;C:\Documents and Settings\nguyenvannghia\.m2\repository\commons-codec\commons-codec\1.2\commons-codec-1.2.jar;C:\Documents and Settings\nguyenvannghia\.m2\repository\org\ops4j\pax\url\pax-url-wrap\1.6.0\pax-url-wrap-1.6.0.jar;C:\Documents and Settings\nguyenvannghia\.m2\repository\org\ops4j\pax\swissbox\pax-swissbox-bnd\1.7.0\pax-swissbox-bnd-1.7.0.jar;C:\Documents and Settings\nguyenvannghia\.m2\repository\org\apache\felix\org.apache.felix.framework\3.2.2\org.apache.felix.framework-3.2.2.jar;C:\Documents and Settings\nguyenvannghia\.m2\repository\org\apache\felix\org.apache.felix.configadmin\1.8.0\org.apache.felix.configadmin-1.8.0.jar;C:\Documents and Settings\nguyenvannghia\.m2\repository\org\codehaus\gmaven\runtime\gmaven-runtime-1.8\1.5\gmaven-runtime-1.8-1.5.jar;C:\Documents and Settings\nguyenvannghia\.m2\repository\org\codehaus\gmaven\feature\gmaven-feature-support\1.5\gmaven-feature-support-1.5.jar;C:\Documents and Settings\nguyenvannghia\.m2\repository\org\codehaus\gmaven\feature\gmaven-feature-api\1.5\gmaven-feature-api-1.5.jar;C:\Documents and Settings\nguyenvannghia\.m2\repository\org\codehaus\gmaven\runtime\gmaven-runtime-support\1.5\gmaven-runtime-support-1.5.jar;C:\Documents and Settings\nguyenvannghia\.m2\repository\org\codehaus\gmaven\runtime\gmaven-runtime-api\1.5\gmaven-runtime-api-1.5.jar;C:\Documents and Settings\nguyenvannghia\.m2\repository\org\sonatype\gshell\gshell-io\2.4\gshell-io-2.4.jar;C:\Documents and Settings\nguyenvannghia\.m2\repository\org\sonatype\gossip\gossip\1.3\gossip-1.3.jar;C:\Documents and Settings\nguyenvannghia\.m2\repository\com\thoughtworks\qdox\qdox\1.12\qdox-1.12.jar;C:\Documents and Settings\nguyenvannghia\.m2\repository\org\apache\ant\ant\1.8.2\ant-1.8.2.jar;C:\Documents and Settings\nguyenvannghia\.m2\repository\org\apache\ant\ant-launcher\1.8.2\ant-launcher-1.8.2.jar;C:\Documents and Settings\nguyenvannghia\.m2\repository\jline\jline\0.9.94\jline-0.9.94.jar;C:\Documents and Settings\nguyenvannghia\.m2\repository\org\codehaus\groovy\groovy-all\2.2.1\groovy-all-2.2.1.jar;C:\Documents and Settings\nguyenvannghia\.m2\repository\org\slf4j\slf4j-api\1.5.11\slf4j-api-1.5.11.jar;"/>
    <property name="felix.home" value="E:\projects\Wiperdog\jobman_new\20140509\JobManAndPaxTest_20140509\pax-exam-test-jobmanager"/>
    <property name="java.specification.name" value="Java Platform API Specification"/>
    <property name="java.class.version" value="50.0"/>
    <property name="pax.exam.invoker" value="junit"/>
    <property name="sun.management.compiler" value="HotSpot Client Compiler"/>
    <property name="os.version" value="5.1"/>
    <property name="user.home" value="C:\Documents and Settings\nguyenvannghia"/>
    <property name="user.timezone" value="GMT+07:00"/>
    <property name="java.awt.printerjob" value="sun.awt.windows.WPrinterJob"/>
    <property name="java.specification.version" value="1.6"/>
    <property name="file.encoding" value="Cp1252"/>
    <property name="user.name" value="nguyenvannghia"/>
    <property name="java.class.path" value="E:\projects\Wiperdog\jobman_new\20140509\JobManAndPaxTest_20140509\pax-exam-test-jobmanager\target\test-classes;E:\projects\Wiperdog\jobman_new\20140509\JobManAndPaxTest_20140509\pax-exam-test-jobmanager\target\classes;C:\Documents and Settings\nguyenvannghia\.m2\repository\org\ops4j\pax\exam\pax-exam\3.4.0\pax-exam-3.4.0.jar;C:\Documents and Settings\nguyenvannghia\.m2\repository\org\ops4j\base\ops4j-base-lang\1.4.0\ops4j-base-lang-1.4.0.jar;C:\Documents and Settings\nguyenvannghia\.m2\repository\org\ops4j\base\ops4j-base-store\1.4.0\ops4j-base-store-1.4.0.jar;C:\Documents and Settings\nguyenvannghia\.m2\repository\org\ops4j\base\ops4j-base-io\1.4.0\ops4j-base-io-1.4.0.jar;C:\Documents and Settings\nguyenvannghia\.m2\repository\org\ops4j\base\ops4j-base-util-property\1.4.0\ops4j-base-util-property-1.4.0.jar;C:\Documents and Settings\nguyenvannghia\.m2\repository\org\ops4j\pax\exam\pax-exam-container-native\3.4.0\pax-exam-container-native-3.4.0.jar;C:\Documents and Settings\nguyenvannghia\.m2\repository\org\ops4j\pax\swissbox\pax-swissbox-core\1.7.0\pax-swissbox-core-1.7.0.jar;C:\Documents and Settings\nguyenvannghia\.m2\repository\org\ops4j\pax\swissbox\pax-swissbox-lifecycle\1.7.0\pax-swissbox-lifecycle-1.7.0.jar;C:\Documents and Settings\nguyenvannghia\.m2\repository\org\ops4j\pax\swissbox\pax-swissbox-tracker\1.7.0\pax-swissbox-tracker-1.7.0.jar;C:\Documents and Settings\nguyenvannghia\.m2\repository\org\ops4j\base\ops4j-base-net\1.4.0\ops4j-base-net-1.4.0.jar;C:\Documents and Settings\nguyenvannghia\.m2\repository\org\ops4j\base\ops4j-base-monitors\1.4.0\ops4j-base-monitors-1.4.0.jar;C:\Documents and Settings\nguyenvannghia\.m2\repository\org\ops4j\pax\url\pax-url-link\1.6.0\pax-url-link-1.6.0.jar;C:\Documents and Settings\nguyenvannghia\.m2\repository\org\ops4j\pax\url\pax-url-classpath\1.6.0\pax-url-classpath-1.6.0.jar;C:\Documents and Settings\nguyenvannghia\.m2\repository\org\ops4j\pax\swissbox\pax-swissbox-optional-jcl\1.7.0\pax-swissbox-optional-jcl-1.7.0.jar;C:\Documents and Settings\nguyenvannghia\.m2\repository\org\ops4j\pax\exam\pax-exam-junit4\3.4.0\pax-exam-junit4-3.4.0.jar;C:\Documents and Settings\nguyenvannghia\.m2\repository\junit\junit\4.11\junit-4.11.jar;C:\Documents and Settings\nguyenvannghia\.m2\repository\org\hamcrest\hamcrest-core\1.3\hamcrest-core-1.3.jar;C:\Documents and Settings\nguyenvannghia\.m2\repository\org\ops4j\pax\exam\pax-exam-spi\3.4.0\pax-exam-spi-3.4.0.jar;C:\Documents and Settings\nguyenvannghia\.m2\repository\org\ops4j\base\ops4j-base-spi\1.4.0\ops4j-base-spi-1.4.0.jar;C:\Documents and Settings\nguyenvannghia\.m2\repository\com\google\guava\guava\12.0\guava-12.0.jar;C:\Documents and Settings\nguyenvannghia\.m2\repository\com\google\code\findbugs\jsr305\1.3.9\jsr305-1.3.9.jar;C:\Documents and Settings\nguyenvannghia\.m2\repository\org\ops4j\pax\tinybundles\tinybundles\2.0.0\tinybundles-2.0.0.jar;C:\Documents and Settings\nguyenvannghia\.m2\repository\biz\aQute\bnd\bndlib\2.1.0\bndlib-2.1.0.jar;C:\Documents and Settings\nguyenvannghia\.m2\repository\org\osgi\org.osgi.core\4.2.0\org.osgi.core-4.2.0.jar;C:\Documents and Settings\nguyenvannghia\.m2\repository\org\ops4j\pax\exam\pax-exam-link-mvn\3.4.0\pax-exam-link-mvn-3.4.0.jar;C:\Documents and Settings\nguyenvannghia\.m2\repository\org\ops4j\pax\url\pax-url-aether\1.6.0\pax-url-aether-1.6.0.jar;C:\Documents and Settings\nguyenvannghia\.m2\repository\org\ops4j\pax\url\pax-url-commons\1.6.0\pax-url-commons-1.6.0.jar;C:\Documents and Settings\nguyenvannghia\.m2\repository\org\ops4j\pax\swissbox\pax-swissbox-property\1.7.0\pax-swissbox-property-1.7.0.jar;C:\Documents and Settings\nguyenvannghia\.m2\repository\org\ops4j\pax\url\pax-url-maven-commons\1.6.0\pax-url-maven-commons-1.6.0.jar;C:\Documents and Settings\nguyenvannghia\.m2\repository\org\ops4j\base\ops4j-base-util-xml\1.4.0\ops4j-base-util-xml-1.4.0.jar;C:\Documents and Settings\nguyenvannghia\.m2\repository\org\ops4j\base\ops4j-base-util-collections\1.4.0\ops4j-base-util-collections-1.4.0.jar;C:\Documents and Settings\nguyenvannghia\.m2\repository\org\sonatype\aether\aether-api\1.13.1\aether-api-1.13.1.jar;C:\Documents and Settings\nguyenvannghia\.m2\repository\org\sonatype\aether\aether-spi\1.13.1\aether-spi-1.13.1.jar;C:\Documents and Settings\nguyenvannghia\.m2\repository\org\sonatype\aether\aether-util\1.13.1\aether-util-1.13.1.jar;C:\Documents and Settings\nguyenvannghia\.m2\repository\org\sonatype\aether\aether-impl\1.13.1\aether-impl-1.13.1.jar;C:\Documents and Settings\nguyenvannghia\.m2\repository\org\sonatype\aether\aether-connector-wagon\1.13.1\aether-connector-wagon-1.13.1.jar;C:\Documents and Settings\nguyenvannghia\.m2\repository\org\codehaus\plexus\plexus-classworlds\2.4\plexus-classworlds-2.4.jar;C:\Documents and Settings\nguyenvannghia\.m2\repository\org\sonatype\sisu\sisu-inject-plexus\2.2.3\sisu-inject-plexus-2.2.3.jar;C:\Documents and Settings\nguyenvannghia\.m2\repository\org\sonatype\sisu\sisu-inject-bean\2.2.3\sisu-inject-bean-2.2.3.jar;C:\Documents and Settings\nguyenvannghia\.m2\repository\org\sonatype\sisu\sisu-guice\3.0.3\sisu-guice-3.0.3-no_aop.jar;C:\Documents and Settings\nguyenvannghia\.m2\repository\org\apache\maven\maven-aether-provider\3.0.4\maven-aether-provider-3.0.4.jar;C:\Documents and Settings\nguyenvannghia\.m2\repository\org\apache\maven\maven-model\3.0.4\maven-model-3.0.4.jar;C:\Documents and Settings\nguyenvannghia\.m2\repository\org\apache\maven\maven-model-builder\3.0.4\maven-model-builder-3.0.4.jar;C:\Documents and Settings\nguyenvannghia\.m2\repository\org\codehaus\plexus\plexus-interpolation\1.14\plexus-interpolation-1.14.jar;C:\Documents and Settings\nguyenvannghia\.m2\repository\org\apache\maven\maven-repository-metadata\3.0.4\maven-repository-metadata-3.0.4.jar;C:\Documents and Settings\nguyenvannghia\.m2\repository\org\codehaus\plexus\plexus-component-annotations\1.5.5\plexus-component-annotations-1.5.5.jar;C:\Documents and Settings\nguyenvannghia\.m2\repository\org\apache\maven\wagon\wagon-provider-api\1.0\wagon-provider-api-1.0.jar;C:\Documents and Settings\nguyenvannghia\.m2\repository\org\apache\maven\wagon\wagon-file\1.0\wagon-file-1.0.jar;C:\Documents and Settings\nguyenvannghia\.m2\repository\org\apache\maven\wagon\wagon-http-lightweight\1.0\wagon-http-lightweight-1.0.jar;C:\Documents and Settings\nguyenvannghia\.m2\repository\org\apache\maven\wagon\wagon-http-shared\1.0\wagon-http-shared-1.0.jar;C:\Documents and Settings\nguyenvannghia\.m2\repository\commons-io\commons-io\2.0.1\commons-io-2.0.1.jar;C:\Documents and Settings\nguyenvannghia\.m2\repository\org\jsoup\jsoup\1.6.1\jsoup-1.6.1.jar;C:\Documents and Settings\nguyenvannghia\.m2\repository\org\codehaus\plexus\plexus-container-default\1.5.5\plexus-container-default-1.5.5.jar;C:\Documents and Settings\nguyenvannghia\.m2\repository\org\apache\xbean\xbean-reflect\3.4\xbean-reflect-3.4.jar;C:\Documents and Settings\nguyenvannghia\.m2\repository\com\google\collections\google-collections\1.0\google-collections-1.0.jar;C:\Documents and Settings\nguyenvannghia\.m2\repository\org\codehaus\plexus\plexus-utils\3.0\plexus-utils-3.0.jar;C:\Documents and Settings\nguyenvannghia\.m2\repository\commons-httpclient\commons-httpclient\3.1\commons-httpclient-3.1.jar;C:\Documents and Settings\nguyenvannghia\.m2\repository\commons-logging\commons-logging\1.0.4\commons-logging-1.0.4.jar;C:\Documents and Settings\nguyenvannghia\.m2\repository\commons-codec\commons-codec\1.2\commons-codec-1.2.jar;C:\Documents and Settings\nguyenvannghia\.m2\repository\org\ops4j\pax\url\pax-url-wrap\1.6.0\pax-url-wrap-1.6.0.jar;C:\Documents and Settings\nguyenvannghia\.m2\repository\org\ops4j\pax\swissbox\pax-swissbox-bnd\1.7.0\pax-swissbox-bnd-1.7.0.jar;C:\Documents and Settings\nguyenvannghia\.m2\repository\org\apache\felix\org.apache.felix.framework\3.2.2\org.apache.felix.framework-3.2.2.jar;C:\Documents and Settings\nguyenvannghia\.m2\repository\org\apache\felix\org.apache.felix.configadmin\1.8.0\org.apache.felix.configadmin-1.8.0.jar;C:\Documents and Settings\nguyenvannghia\.m2\repository\org\codehaus\gmaven\runtime\gmaven-runtime-1.8\1.5\gmaven-runtime-1.8-1.5.jar;C:\Documents and Settings\nguyenvannghia\.m2\repository\org\codehaus\gmaven\feature\gmaven-feature-support\1.5\gmaven-feature-support-1.5.jar;C:\Documents and Settings\nguyenvannghia\.m2\repository\org\codehaus\gmaven\feature\gmaven-feature-api\1.5\gmaven-feature-api-1.5.jar;C:\Documents and Settings\nguyenvannghia\.m2\repository\org\codehaus\gmaven\runtime\gmaven-runtime-support\1.5\gmaven-runtime-support-1.5.jar;C:\Documents and Settings\nguyenvannghia\.m2\repository\org\codehaus\gmaven\runtime\gmaven-runtime-api\1.5\gmaven-runtime-api-1.5.jar;C:\Documents and Settings\nguyenvannghia\.m2\repository\org\sonatype\gshell\gshell-io\2.4\gshell-io-2.4.jar;C:\Documents and Settings\nguyenvannghia\.m2\repository\org\sonatype\gossip\gossip\1.3\gossip-1.3.jar;C:\Documents and Settings\nguyenvannghia\.m2\repository\com\thoughtworks\qdox\qdox\1.12\qdox-1.12.jar;C:\Documents and Settings\nguyenvannghia\.m2\repository\org\apache\ant\ant\1.8.2\ant-1.8.2.jar;C:\Documents and Settings\nguyenvannghia\.m2\repository\org\apache\ant\ant-launcher\1.8.2\ant-launcher-1.8.2.jar;C:\Documents and Settings\nguyenvannghia\.m2\repository\jline\jline\0.9.94\jline-0.9.94.jar;C:\Documents and Settings\nguyenvannghia\.m2\repository\org\codehaus\groovy\groovy-all\2.2.1\groovy-all-2.2.1.jar;C:\Documents and Settings\nguyenvannghia\.m2\repository\org\slf4j\slf4j-api\1.5.11\slf4j-api-1.5.11.jar;"/>
    <property name="java.vm.specification.version" value="1.0"/>
    <property name="sun.arch.data.model" value="32"/>
    <property name="java.home" value="E:\jdk1.6.0_45\jre"/>
    <property name="sun.java.command" value="E:\projects\Wiperdog\jobman_new\20140509\JobManAndPaxTest_20140509\pax-exam-test-jobmanager\target\surefire\surefirebooter5901987680919841460.jar E:\projects\Wiperdog\jobman_new\20140509\JobManAndPaxTest_20140509\pax-exam-test-jobmanager\target\surefire\surefire4762767066292374732tmp E:\projects\Wiperdog\jobman_new\20140509\JobManAndPaxTest_20140509\pax-exam-test-jobmanager\target\surefire\surefire1225482204303640317tmp"/>
    <property name="java.specification.vendor" value="Sun Microsystems Inc."/>
    <property name="user.language" value="en"/>
    <property name="org.quartz.threadPool.threadPriority" value="5"/>
    <property name="awt.toolkit" value="sun.awt.windows.WToolkit"/>
    <property name="java.vm.info" value="mixed mode"/>
    <property name="java.version" value="1.6.0_45"/>
    <property name="java.ext.dirs" value="E:\jdk1.6.0_45\jre\lib\ext;C:\WINDOWS\Sun\Java\lib\ext"/>
    <property name="sun.boot.class.path" value="E:\jdk1.6.0_45\jre\lib\resources.jar;E:\jdk1.6.0_45\jre\lib\rt.jar;E:\jdk1.6.0_45\jre\lib\sunrsasign.jar;E:\jdk1.6.0_45\jre\lib\jsse.jar;E:\jdk1.6.0_45\jre\lib\jce.jar;E:\jdk1.6.0_45\jre\lib\charsets.jar;E:\jdk1.6.0_45\jre\lib\modules\jdk.boot.jar;E:\jdk1.6.0_45\jre\classes"/>
    <property name="java.vendor" value="Sun Microsystems Inc."/>
    <property name="localRepository" value="C:\Documents and Settings\nguyenvannghia\.m2\repository"/>
    <property name="pax.exam.service.timeout" value="10000"/>
    <property name="org.quartz.threadPool.class" value="org.quartz.simpl.SimpleThreadPool"/>
    <property name="file.separator" value="\"/>
    <property name="java.vendor.url.bug" value="http://java.sun.com/cgi-bin/bugreport.cgi"/>
    <property name="sun.cpu.endian" value="little"/>
    <property name="sun.io.unicode.encoding" value="UnicodeLittle"/>
    <property name="sun.desktop" value="windows"/>
    <property name="sun.cpu.isalist" value="pentium_pro+mmx pentium_pro pentium+mmx pentium i486 i386 i86"/>
  </properties>
  <testcase time="15.828" classname="org.wiperdog.jobmanager.test.InterruptJobTest" name="interrupt_job_04"/>
</testsuite>